Build started 3/30/2017 8:39:48 PM.
     1>Project "C:\Users\narendra\documents\visual studio 2010\Projects\Nu_Multibeam\Nu_Multibeam\Nu_Multibeam.vcxproj" on node 2 (build target(s)).
     1>InitializeBuildStatus:
         Creating "x64\Release\Nu_Multibeam.unsuccessfulbuild" because "AlwaysCreate" was specified.
       ClCompile:
         c:\Program Files (x86)\Microsoft Visual Studio 10.0\VC\bin\x86_amd64\CL.exe /c /I"C:\Users\narendra\Documents\Visual Studio 2010\Projects\Nu_Multibeam\include" /Zi /nologo /W3 /WX- /O2 /Oi /GL /D WIN32 /D NDEBUG /D _CONSOLE /D _UNICODE /D UNICODE /Gm- /EHsc /MT /GS /Gy /fp:precise /Zc:wchar_t /Zc:forScope /openmp /Fo"x64\Release\\" /Fd"x64\Release\vc100.pdb" /Gd /TP /errorReport:prompt ClassDecoder.cpp ClassEncoder.cpp ClassPNG.cpp EndPoints.cpp Main.cpp
         ClassDecoder.cpp
     1>ClassDecoder.cpp(63): warning C4267: 'initializing' : conversion from 'size_t' to 'png_uint_32', possible loss of data
     1>ClassDecoder.cpp(363): warning C4996: 'fopen': This function or variable may be unsafe. Consider using fopen_s instead. To disable deprecation, use _CRT_SECURE_NO_WARNINGS. See online help for details.
                 c:\Program Files (x86)\Microsoft Visual Studio 10.0\VC\include\stdio.h(234) : see declaration of 'fopen'
     1>ClassDecoder.cpp(376): warning C4267: '=' : conversion from 'size_t' to 'uInt', possible loss of data
         ClassEncoder.cpp
     1>ClassEncoder.cpp(126): warning C4018: '<' : signed/unsigned mismatch
     1>ClassEncoder.cpp(133): warning C4018: '>=' : signed/unsigned mismatch
     1>ClassEncoder.cpp(149): warning C4018: '>=' : signed/unsigned mismatch
     1>ClassEncoder.cpp(149): warning C4018: '>=' : signed/unsigned mismatch
     1>ClassEncoder.cpp(192): warning C4018: '>=' : signed/unsigned mismatch
     1>ClassEncoder.cpp(192): warning C4018: '>=' : signed/unsigned mismatch
     1>ClassEncoder.cpp(266): warning C4018: '<' : signed/unsigned mismatch
     1>ClassEncoder.cpp(274): warning C4018: '>=' : signed/unsigned mismatch
     1>ClassEncoder.cpp(106): warning C4101: 'divresult' : unreferenced local variable
     1>ClassEncoder.cpp(375): warning C4018: '<' : signed/unsigned mismatch
     1>ClassEncoder.cpp(384): warning C4018: '<' : signed/unsigned mismatch
     1>ClassEncoder.cpp(394): warning C4018: '<' : signed/unsigned mismatch
     1>ClassEncoder.cpp(476): warning C4018: '<' : signed/unsigned mismatch
     1>ClassEncoder.cpp(518): warning C4018: '<' : signed/unsigned mismatch
     1>ClassEncoder.cpp(659): warning C4996: 'sprintf': This function or variable may be unsafe. Consider using sprintf_s instead. To disable deprecation, use _CRT_SECURE_NO_WARNINGS. See online help for details.
                 c:\Program Files (x86)\Microsoft Visual Studio 10.0\VC\include\stdio.h(371) : see declaration of 'sprintf'
     1>ClassEncoder.cpp(613): warning C4101: 'mode' : unreferenced local variable
     1>ClassEncoder.cpp(744): warning C4244: '=' : conversion from 'unsigned __int64' to 'unsigned int', possible loss of data
     1>ClassEncoder.cpp(766): warning C4996: 'fopen': This function or variable may be unsafe. Consider using fopen_s instead. To disable deprecation, use _CRT_SECURE_NO_WARNINGS. See online help for details.
                 c:\Program Files (x86)\Microsoft Visual Studio 10.0\VC\include\stdio.h(234) : see declaration of 'fopen'
     1>ClassEncoder.cpp(826): warning C4996: 'sprintf': This function or variable may be unsafe. Consider using sprintf_s instead. To disable deprecation, use _CRT_SECURE_NO_WARNINGS. See online help for details.
                 c:\Program Files (x86)\Microsoft Visual Studio 10.0\VC\include\stdio.h(371) : see declaration of 'sprintf'
         ClassPNG.cpp
     1>ClassPNG.cpp(146): warning C4267: '=' : conversion from 'size_t' to 'unsigned int', possible loss of data
     1>ClassPNG.cpp(181): warning C4267: 'initializing' : conversion from 'size_t' to 'png_uint_32', possible loss of data
         EndPoints.cpp
         Main.cpp
       Link:
         c:\Program Files (x86)\Microsoft Visual Studio 10.0\VC\bin\x86_amd64\link.exe /ERRORREPORT:PROMPT /OUT:"C:\Users\narendra\documents\visual studio 2010\Projects\Nu_Multibeam\x64\Release\Nu_Multibeam.exe" /INCREMENTAL:NO /NOLOGO /LIBPATH:"C:\Users\narendra\Documents\Visual Studio 2010\Projects\Nu_Multibeam\lib" libpng.lib zlib.lib kernel32.lib user32.lib gdi32.lib winspool.lib comdlg32.lib advapi32.lib shell32.lib ole32.lib oleaut32.lib uuid.lib odbc32.lib odbccp32.lib kernel32.lib user32.lib gdi32.lib winspool.lib comdlg32.lib advapi32.lib shell32.lib ole32.lib oleaut32.lib uuid.lib odbc32.lib odbccp32.lib /MANIFEST /ManifestFile:"x64\Release\Nu_Multibeam.exe.intermediate.manifest" /MANIFESTUAC:"level='asInvoker' uiAccess='false'" /DEBUG /PDB:"C:\Users\narendra\documents\visual studio 2010\Projects\Nu_Multibeam\x64\Release\Nu_Multibeam.pdb" /SUBSYSTEM:CONSOLE /OPT:REF /OPT:ICF /LTCG /TLBID:1 /DYNAMICBASE /NXCOMPAT /IMPLIB:"C:\Users\narendra\documents\visual studio 2010\Projects\Nu_Multibeam\x64\Release\Nu_Multibeam.lib" /MACHINE:X64 x64\Release\AC.obj
         x64\Release\ClassDecoder.obj
         x64\Release\ClassEncoder.obj
         x64\Release\ClassPNG.obj
         x64\Release\EndPoints.obj
         x64\Release\Main.obj
         Generating code
         Finished generating code
     1>libpng.lib(png.obj) : warning LNK4099: PDB 'vc100.pdb' was not found with 'libpng.lib(png.obj)' or at 'C:\Users\narendra\documents\visual studio 2010\Projects\Nu_Multibeam\x64\Release\vc100.pdb'; linking object as if no debug info
     1>libpng.lib(pngerror.obj) : warning LNK4099: PDB 'vc100.pdb' was not found with 'libpng.lib(pngerror.obj)' or at 'C:\Users\narendra\documents\visual studio 2010\Projects\Nu_Multibeam\x64\Release\vc100.pdb'; linking object as if no debug info
     1>libpng.lib(pngget.obj) : warning LNK4099: PDB 'vc100.pdb' was not found with 'libpng.lib(pngget.obj)' or at 'C:\Users\narendra\documents\visual studio 2010\Projects\Nu_Multibeam\x64\Release\vc100.pdb'; linking object as if no debug info
     1>libpng.lib(pngmem.obj) : warning LNK4099: PDB 'vc100.pdb' was not found with 'libpng.lib(pngmem.obj)' or at 'C:\Users\narendra\documents\visual studio 2010\Projects\Nu_Multibeam\x64\Release\vc100.pdb'; linking object as if no debug info
     1>libpng.lib(pngread.obj) : warning LNK4099: PDB 'vc100.pdb' was not found with 'libpng.lib(pngread.obj)' or at 'C:\Users\narendra\documents\visual studio 2010\Projects\Nu_Multibeam\x64\Release\vc100.pdb'; linking object as if no debug info
     1>libpng.lib(pngrio.obj) : warning LNK4099: PDB 'vc100.pdb' was not found with 'libpng.lib(pngrio.obj)' or at 'C:\Users\narendra\documents\visual studio 2010\Projects\Nu_Multibeam\x64\Release\vc100.pdb'; linking object as if no debug info
     1>libpng.lib(pngrtran.obj) : warning LNK4099: PDB 'vc100.pdb' was not found with 'libpng.lib(pngrtran.obj)' or at 'C:\Users\narendra\documents\visual studio 2010\Projects\Nu_Multibeam\x64\Release\vc100.pdb'; linking object as if no debug info
     1>libpng.lib(pngrutil.obj) : warning LNK4099: PDB 'vc100.pdb' was not found with 'libpng.lib(pngrutil.obj)' or at 'C:\Users\narendra\documents\visual studio 2010\Projects\Nu_Multibeam\x64\Release\vc100.pdb'; linking object as if no debug info
     1>libpng.lib(pngset.obj) : warning LNK4099: PDB 'vc100.pdb' was not found with 'libpng.lib(pngset.obj)' or at 'C:\Users\narendra\documents\visual studio 2010\Projects\Nu_Multibeam\x64\Release\vc100.pdb'; linking object as if no debug info
     1>libpng.lib(pngtrans.obj) : warning LNK4099: PDB 'vc100.pdb' was not found with 'libpng.lib(pngtrans.obj)' or at 'C:\Users\narendra\documents\visual studio 2010\Projects\Nu_Multibeam\x64\Release\vc100.pdb'; linking object as if no debug info
     1>libpng.lib(pngwio.obj) : warning LNK4099: PDB 'vc100.pdb' was not found with 'libpng.lib(pngwio.obj)' or at 'C:\Users\narendra\documents\visual studio 2010\Projects\Nu_Multibeam\x64\Release\vc100.pdb'; linking object as if no debug info
     1>libpng.lib(pngwrite.obj) : warning LNK4099: PDB 'vc100.pdb' was not found with 'libpng.lib(pngwrite.obj)' or at 'C:\Users\narendra\documents\visual studio 2010\Projects\Nu_Multibeam\x64\Release\vc100.pdb'; linking object as if no debug info
     1>libpng.lib(pngwtran.obj) : warning LNK4099: PDB 'vc100.pdb' was not found with 'libpng.lib(pngwtran.obj)' or at 'C:\Users\narendra\documents\visual studio 2010\Projects\Nu_Multibeam\x64\Release\vc100.pdb'; linking object as if no debug info
     1>libpng.lib(pngwutil.obj) : warning LNK4099: PDB 'vc100.pdb' was not found with 'libpng.lib(pngwutil.obj)' or at 'C:\Users\narendra\documents\visual studio 2010\Projects\Nu_Multibeam\x64\Release\vc100.pdb'; linking object as if no debug info
     1>zlib.lib(adler32.obj) : warning LNK4099: PDB 'vc100.pdb' was not found with 'zlib.lib(adler32.obj)' or at 'C:\Users\narendra\documents\visual studio 2010\Projects\Nu_Multibeam\x64\Release\vc100.pdb'; linking object as if no debug info
     1>zlib.lib(crc32.obj) : warning LNK4099: PDB 'vc100.pdb' was not found with 'zlib.lib(crc32.obj)' or at 'C:\Users\narendra\documents\visual studio 2010\Projects\Nu_Multibeam\x64\Release\vc100.pdb'; linking object as if no debug info
     1>zlib.lib(deflate.obj) : warning LNK4099: PDB 'vc100.pdb' was not found with 'zlib.lib(deflate.obj)' or at 'C:\Users\narendra\documents\visual studio 2010\Projects\Nu_Multibeam\x64\Release\vc100.pdb'; linking object as if no debug info
     1>zlib.lib(inffast.obj) : warning LNK4099: PDB 'vc100.pdb' was not found with 'zlib.lib(inffast.obj)' or at 'C:\Users\narendra\documents\visual studio 2010\Projects\Nu_Multibeam\x64\Release\vc100.pdb'; linking object as if no debug info
     1>zlib.lib(inflate.obj) : warning LNK4099: PDB 'vc100.pdb' was not found with 'zlib.lib(inflate.obj)' or at 'C:\Users\narendra\documents\visual studio 2010\Projects\Nu_Multibeam\x64\Release\vc100.pdb'; linking object as if no debug info
     1>zlib.lib(inftrees.obj) : warning LNK4099: PDB 'vc100.pdb' was not found with 'zlib.lib(inftrees.obj)' or at 'C:\Users\narendra\documents\visual studio 2010\Projects\Nu_Multibeam\x64\Release\vc100.pdb'; linking object as if no debug info
     1>zlib.lib(trees.obj) : warning LNK4099: PDB 'vc100.pdb' was not found with 'zlib.lib(trees.obj)' or at 'C:\Users\narendra\documents\visual studio 2010\Projects\Nu_Multibeam\x64\Release\vc100.pdb'; linking object as if no debug info
     1>zlib.lib(zutil.obj) : warning LNK4099: PDB 'vc100.pdb' was not found with 'zlib.lib(zutil.obj)' or at 'C:\Users\narendra\documents\visual studio 2010\Projects\Nu_Multibeam\x64\Release\vc100.pdb'; linking object as if no debug info
         Nu_Multibeam.vcxproj -> C:\Users\narendra\documents\visual studio 2010\Projects\Nu_Multibeam\x64\Release\Nu_Multibeam.exe
       Manifest:
         C:\Program Files (x86)\Microsoft SDKs\Windows\v7.0A\bin\mt.exe /nologo /verbose /outputresource:"C:\Users\narendra\documents\visual studio 2010\Projects\Nu_Multibeam\x64\Release\Nu_Multibeam.exe;#1" /manifest x64\Release\Nu_Multibeam.exe.intermediate.manifest
       FinalizeBuildStatus:
         Deleting file "x64\Release\Nu_Multibeam.unsuccessfulbuild".
         Touching "x64\Release\Nu_Multibeam.lastbuildstate".
     1>Done Building Project "C:\Users\narendra\documents\visual studio 2010\Projects\Nu_Multibeam\Nu_Multibeam\Nu_Multibeam.vcxproj" (build target(s)).

Build succeeded.

Time Elapsed 00:00:02.95
