Build started 3/8/2017 6:52:05 PM.
     1>Project "C:\Users\narendra\documents\visual studio 2010\Projects\Nu_Multibeam\Nu_Multibeam\Nu_Multibeam.vcxproj" on node 2 (build target(s)).
     1>InitializeBuildStatus:
         Touching "Debug\Nu_Multibeam.unsuccessfulbuild".
       ClCompile:
         c:\Program Files (x86)\Microsoft Visual Studio 10.0\VC\bin\CL.exe /c /ZI /nologo /W3 /WX- /Od /Oy- /D WIN32 /D _DEBUG /D _CONSOLE /D _UNICODE /D UNICODE /Gm /EHsc /RTC1 /MDd /GS /fp:precise /Zc:wchar_t /Zc:forScope /Fo"Debug\\" /Fd"Debug\vc100.pdb" /Gd /TP /analyze- /errorReport:prompt ClassDecoder.cpp ClassEncoder.cpp ClassPNG.cpp EndPoints.cpp Main.cpp
         Main.cpp
     1>c:\users\narendra\documents\visual studio 2010\projects\nu_multibeam\nu_multibeam\classpng.h(21): fatal error C1083: Cannot open include file: 'png.h': No such file or directory
         EndPoints.cpp
     1>c:\users\narendra\documents\visual studio 2010\projects\nu_multibeam\nu_multibeam\classpng.h(21): fatal error C1083: Cannot open include file: 'png.h': No such file or directory
         ClassPNG.cpp
     1>c:\users\narendra\documents\visual studio 2010\projects\nu_multibeam\nu_multibeam\classpng.h(21): fatal error C1083: Cannot open include file: 'png.h': No such file or directory
         ClassEncoder.cpp
     1>c:\users\narendra\documents\visual studio 2010\projects\nu_multibeam\nu_multibeam\classpng.h(21): fatal error C1083: Cannot open include file: 'png.h': No such file or directory
         ClassDecoder.cpp
     1>c:\users\narendra\documents\visual studio 2010\projects\nu_multibeam\nu_multibeam\classpng.h(21): fatal error C1083: Cannot open include file: 'png.h': No such file or directory
         Generating Code...
     1>Done Building Project "C:\Users\narendra\documents\visual studio 2010\Projects\Nu_Multibeam\Nu_Multibeam\Nu_Multibeam.vcxproj" (build target(s)) -- FAILED.

Build FAILED.

Time Elapsed 00:00:02.87
